<?xml version="1.0" encoding="UTF-8"?>
<testsuite xmlns:xsi="http://www.w3.org/2001/XMLSchema-instance" xsi:noNamespaceSchemaLocation="https://maven.apache.org/surefire/maven-surefire-plugin/xsd/surefire-test-report.xsd" name="cucumber.Options.TestRunner" time="41.408" tests="8" errors="0" skipped="0" failures="2">
  <properties>
[...]
</properties>
  <testcase name="Check the borrowing estimate based on income and expenses #1" classname="Testing the borrowing calculator" time="14.325">
    <failure message="expected:&lt;$4[82],000&gt; but was:&lt;$4[26],000&gt;" type="org.junit.ComparisonFailure"><![CDATA[org.junit.ComparisonFailure: expected:<$4[82],000> but was:<$4[26],000>
]]></failure>
    <system-out><![CDATA[
Scenario Outline: Check the borrowing estimate based on income and expenses # src/test/java/features/borrowingEstimate.feature:12
  Given user navigates to the calculator page                               # stepDefinitions.calculatorSteps.user_navigates_to_the_calculator_page()
  When user enters 80000,10000,500,0,100,0 and 10000                        # stepDefinitions.calculatorSteps.user_enters_annualincome_livingexpenses_homeloanrepayments_otherloanrepayments_othercommitments_and_creditcardlimits(int,int,int,int,int,int,int)
  And clicks on the borrow estimate button                                  # stepDefinitions.calculatorSteps.clicks_on_the_borrow_estimate_button()
  Then the borrowing estimate should be as expected                         # stepDefinitions.calculatorSteps.the_borrowing_estimate_should_be_as_expected()
      org.junit.ComparisonFailure: expected:<$4[82],000> but was:<$4[26],000>
	at org.junit.Assert.assertEquals(Assert.java:117)
	at org.junit.Assert.assertEquals(Assert.java:146)
	at stepDefinitions.calculatorSteps.the_borrowing_estimate_should_be_as_expected(calculatorSteps.java:53)
	at âœ½.the borrowing estimate should be as expected(file:///C:/Users/shravyad/eclipse-workspace/CucumberFramework/src/test/java/features/borrowingEstimate.feature:7)

  And clicking the start over button should clear the form                  # stepDefinitions.calculatorSteps.clicking_the_start_over_button_should_clear_the_form()
]]></system-out>
    <system-err><![CDATA[SLF4J: Failed to load class "org.slf4j.impl.StaticLoggerBinder".
SLF4J: Defaulting to no-operation (NOP) logger implementation
SLF4J: See http://www.slf4j.org/codes.html#StaticLoggerBinder for further details.
Starting ChromeDriver 114.0.5735.90 (386bc09e8f4f2e025eddae123f36f6263096ae49-refs/branch-heads/5735@{#1052}) on port 41276
Only local connections are allowed.
Please see https://chromedriver.chromium.org/security-considerations for suggestions on keeping ChromeDriver safe.
ChromeDriver was started successfully.
[1691843841.486][WARNING]: This version of ChromeDriver has not been tested with Chrome version 115.
Aug 12, 2023 6:07:22 PM org.openqa.selenium.devtools.CdpVersionFinder findNearestMatch
WARNING: Unable to find an exact match for CDP version 115, so returning the closest version found: 113
]]></system-err>
  </testcase>
  <testcase name="Check the borrowing estimate based on income and expenses #2" classname="Testing the borrowing calculator" time="14.636"/>
  <testcase name="Verify register station API without API Key throws error negative test" classname="Validating Weather Station APIs" time="3.901">
    <failure message="1 expectation failed.&#10;Response body doesn&apos;t match expectation.&#10;Expected: &quot;{\&quot;code\&quot;: 401,\&quot;message\&quot;: \&quot;Invalid API key. Please see http://openweathermap.org/faq#error401 for more info.\&quot;}&quot;&#10;  Actual: {&quot;cod&quot;:401, &quot;message&quot;: &quot;Invalid API key. Please see https://openweathermap.org/faq#error401 for more info.&quot;}&#10;" type="java.lang.AssertionError">java.lang.AssertionError: 
1 expectation failed.
Response body doesn't match expectation.
Expected: "{\"code\": 401,\"message\": \"Invalid API key. Please see http://openweathermap.org/faq#error401 for more info.\"}"
  Actual: {"cod":401, "message": "Invalid API key. Please see https://openweathermap.org/faq#error401 for more info."}

</failure>
    <system-out><![CDATA[
Scenario: Verify register station API without API Key throws error negative test # src/test/java/features/weatherMap.feature:3
  Given weather station API endpoint                                             # stepDefinitions.weatherStationSteps.weather_station_api_endpoint()
  When user calls registerStationAPI with post http request                      # stepDefinitions.weatherStationSteps.user_calls_register_station_api_with_post_http_request()
  Then the API call should give status code 401                                  # stepDefinitions.weatherStationSteps.the_api_call_should_give_status_code(int)
  And the test fail to match the expected message                                # stepDefinitions.weatherStationSteps.the_test_fail_to_match_the_expected_message()
      java.lang.AssertionError: 1 expectation failed.
Response body doesn't match expectation.
Expected: "{\"code\": 401,\"message\": \"Invalid API key. Please see http://openweathermap.org/faq#error401 for more info.\"}"
  Actual: {"cod":401, "message": "Invalid API key. Please see https://openweathermap.org/faq#error401 for more info."}

	at java.base/jdk.internal.reflect.NativeConstructorAccessorImpl.newInstance0(Native Method)
	at java.base/jdk.internal.reflect.NativeConstructorAccessorImpl.newInstance(NativeConstructorAccessorImpl.java:62)
	at java.base/jdk.internal.reflect.DelegatingConstructorAccessorImpl.newInstance(DelegatingConstructorAccessorImpl.java:45)
	at java.base/java.lang.reflect.Constructor.newInstance(Constructor.java:490)
	at org.codehaus.groovy.reflection.CachedConstructor.invoke(CachedConstructor.java:73)
	at org.codehaus.groovy.reflection.CachedConstructor.doConstructorInvoke(CachedConstructor.java:60)
	at org.codehaus.groovy.runtime.callsite.ConstructorSite$ConstructorSiteNoUnwrap.callConstructor(ConstructorSite.java:86)
	at org.codehaus.groovy.runtime.callsite.CallSiteArray.defaultCallConstructor(CallSiteArray.java:57)
	at org.codehaus.groovy.runtime.callsite.AbstractCallSite.callConstructor(AbstractCallSite.java:263)
	at org.codehaus.groovy.runtime.callsite.AbstractCallSite.callConstructor(AbstractCallSite.java:277)
	at io.restassured.internal.ResponseSpecificationImpl$HamcrestAssertionClosure.validate(ResponseSpecificationImpl.groovy:512)
	at io.restassured.internal.ResponseSpecificationImpl$HamcrestAssertionClosure$validate$1.call(Unknown Source)
	at io.restassured.internal.ResponseSpecificationImpl.validateResponseIfRequired(ResponseSpecificationImpl.groovy:696)
	at io.restassured.internal.ResponseSpecificationImpl.this$2$validateResponseIfRequired(ResponseSpecificationImpl.groovy)
	at java.base/jdk.internal.reflect.NativeMethodAccessorImpl.invoke0(Native Method)
	at java.base/jdk.internal.reflect.NativeMethodAccessorImpl.invoke(NativeMethodAccessorImpl.java:62)
	at java.base/jdk.internal.reflect.DelegatingMethodAccessorImpl.invoke(DelegatingMethodAccessorImpl.java:43)
	at java.base/java.lang.reflect.Method.invoke(Method.java:566)
	at org.codehaus.groovy.runtime.callsite.PlainObjectMetaMethodSite.doInvoke(PlainObjectMetaMethodSite.java:43)
	at org.codehaus.groovy.runtime.callsite.PogoMetaMethodSite$PogoCachedMethodSiteNoUnwrapNoCoerce.invoke(PogoMetaMethodSite.java:198)
	at org.codehaus.groovy.runtime.callsite.PogoMetaMethodSite.callCurrent(PogoMetaMethodSite.java:62)
	at org.codehaus.groovy.runtime.callsite.CallSiteArray.defaultCallCurrent(CallSiteArray.java:49)
	at org.codehaus.groovy.runtime.callsite.AbstractCallSite.callCurrent(AbstractCallSite.java:171)
	at org.codehaus.groovy.runtime.callsite.AbstractCallSite.callCurrent(AbstractCallSite.java:185)
	at io.restassured.internal.ResponseSpecificationImpl.body(ResponseSpecificationImpl.groovy:107)
	at io.restassured.internal.ValidatableResponseOptionsImpl.body(ValidatableResponseOptionsImpl.java:238)
	at stepDefinitions.weatherStationSteps.the_test_fail_to_match_the_expected_message(weatherStationSteps.java:47)
	at âœ½.the test fail to match the expected message(file:///C:/Users/shravyad/eclipse-workspace/CucumberFramework/src/test/java/features/weatherMap.feature:7)

]]></system-out>
  </testcase>
  <testcase name="Verify register station API without API Key throws error" classname="Validating Weather Station APIs" time="0.539"/>
  <testcase name="Register two weather stations #1" classname="Validating Weather Station APIs" time="0.934"/>
  <testcase name="Register two weather stations #2" classname="Validating Weather Station APIs" time="0.92"/>
  <testcase name="Get the details of registered stations #1" classname="Validating Weather Station APIs" time="2.06"/>
  <testcase name="Get the details of registered stations #2" classname="Validating Weather Station APIs" time="0.947"/>
</testsuite>